<?xml version="1.0" encoding="UTF-8" ?>
<testsuite 
errors="0" failures="0" hostname="dblab-hadoop-master" name="org.scalatest.tools.DiscoverySuite" tests="0" time="0.019" timestamp="2023-06-05T18:42:02">
  <properties>
    <property name="java.runtime.name" value="OpenJDK Runtime Environment"/>
    <property 
    name="sun.boot.library.path" value="/usr/lib/jvm/java-8-openjdk-amd64/jre/lib/amd64">
</property>
    <property name="java.vm.version" value="25.362-b09"/>
    <property name="java.vm.vendor" value="Private Build"/>
    <property name="java.vendor.url" value="http://java.oracle.com/"/>
    <property name="path.separator" value=":"/>
    <property name="java.vm.name" value="OpenJDK 64-Bit Server VM"/>
    <property name="file.encoding.pkg" value="sun.io"/>
    <property name="user.country" value="US"/>
    <property name="sun.java.launcher" value="SUN_STANDARD"/>
    <property name="sun.os.patch.level" value="unknown"/>
    <property 
    name="java.vm.specification.name" value="Java Virtual Machine Specification">
</property>
    <property name="user.dir" value="/home/dblab/ysh/clustering"/>
    <property 
    name="java.runtime.version" value="1.8.0_362-8u372-ga~us1-0ubuntu1~20.04-b09">
</property>
    <property 
    name="java.awt.graphicsenv" value="sun.awt.X11GraphicsEnvironment">
</property>
    <property name="basedir" value="/home/dblab/ysh/clustering"/>
    <property 
    name="java.endorsed.dirs" value="/usr/lib/jvm/java-8-openjdk-amd64/jre/lib/endorsed">
</property>
    <property name="os.arch" value="amd64"/>
    <property name="java.io.tmpdir" value="/tmp"/>
    <property name="line.separator" value=" "/>
    <property name="java.vm.specification.vendor" value="Oracle Corporation"/>
    <property name="os.name" value="Linux"/>
    <property name="sun.jnu.encoding" value="UTF-8"/>
    <property 
    name="java.library.path" value="/home/dblab/hadoop/lib/native:/home/dblab/hadoop/lib/native::/usr/java/packages/lib/amd64:/usr/lib/x86_64-linux-gnu/jni:/lib/x86_64-linux-gnu:/usr/lib/x86_64-linux-gnu:/usr/lib/jni:/lib:/usr/lib">
</property>
    <property 
    name="java.specification.name" value="Java Platform API Specification">
</property>
    <property name="java.class.version" value="52.0"/>
    <property 
    name="sun.management.compiler" value="HotSpot 64-Bit Tiered Compilers">
</property>
    <property name="os.version" value="5.4.0-149-generic"/>
    <property name="user.home" value="/home/dblab"/>
    <property name="user.timezone" value=""/>
    <property name="java.awt.printerjob" value="sun.print.PSPrinterJob"/>
    <property name="file.encoding" value="UTF-8"/>
    <property name="java.specification.version" value="1.8"/>
    <property name="user.name" value="dblab"/>
    <property 
    name="java.class.path" value="/home/dblab/ysh/clustering/target/test-classes:/home/dblab/ysh/clustering/target/classes:/home/dblab/.m2/repository/org/scala-lang/scala-library/2.12.6/scala-library-2.12.6.jar:/home/dblab/.m2/repository/org/apache/spark/spark-core_2.12/3.1.1/spark-core_2.12-3.1.1.jar:/home/dblab/.m2/repository/com/thoughtworks/paranamer/paranamer/2.8/paranamer-2.8.jar:/home/dblab/.m2/repository/org/apache/avro/avro/1.8.2/avro-1.8.2.jar:/home/dblab/.m2/repository/org/codehaus/jackson/jackson-core-asl/1.9.13/jackson-core-asl-1.9.13.jar:/home/dblab/.m2/repository/org/codehaus/jackson/jackson-mapper-asl/1.9.13/jackson-mapper-asl-1.9.13.jar:/home/dblab/.m2/repository/org/apache/commons/commons-compress/1.8.1/commons-compress-1.8.1.jar:/home/dblab/.m2/repository/org/tukaani/xz/1.5/xz-1.5.jar:/home/dblab/.m2/repository/org/apache/avro/avro-mapred/1.8.2/avro-mapred-1.8.2-hadoop2.jar:/home/dblab/.m2/repository/org/apache/avro/avro-ipc/1.8.2/avro-ipc-1.8.2.jar:/home/dblab/.m2/repository/commons-codec/commons-codec/1.9/commons-codec-1.9.jar:/home/dblab/.m2/repository/com/twitter/chill_2.12/0.9.5/chill_2.12-0.9.5.jar:/home/dblab/.m2/repository/com/esotericsoftware/kryo-shaded/4.0.2/kryo-shaded-4.0.2.jar:/home/dblab/.m2/repository/com/esotericsoftware/minlog/1.3.0/minlog-1.3.0.jar:/home/dblab/.m2/repository/org/objenesis/objenesis/2.5.1/objenesis-2.5.1.jar:/home/dblab/.m2/repository/com/twitter/chill-java/0.9.5/chill-java-0.9.5.jar:/home/dblab/.m2/repository/org/apache/xbean/xbean-asm7-shaded/4.15/xbean-asm7-shaded-4.15.jar:/home/dblab/.m2/repository/org/apache/hadoop/hadoop-client/3.2.0/hadoop-client-3.2.0.jar:/home/dblab/.m2/repository/org/apache/hadoop/hadoop-hdfs-client/3.2.0/hadoop-hdfs-client-3.2.0.jar:/home/dblab/.m2/repository/com/squareup/okhttp/okhttp/2.7.5/okhttp-2.7.5.jar:/home/dblab/.m2/repository/com/squareup/okio/okio/1.6.0/okio-1.6.0.jar:/home/dblab/.m2/repository/org/apache/hadoop/hadoop-yarn-api/3.2.0/hadoop-yarn-api-3.2.0.jar:/home/dblab/.m2/repository/javax/xml/bind/jaxb-api/2.2.11/jaxb-api-2.2.11.jar:/home/dblab/.m2/repository/org/apache/hadoop/hadoop-yarn-client/3.2.0/hadoop-yarn-client-3.2.0.jar:/home/dblab/.m2/repository/org/apache/hadoop/hadoop-mapreduce-client-core/3.2.0/hadoop-mapreduce-client-core-3.2.0.jar:/home/dblab/.m2/repository/org/apache/hadoop/hadoop-yarn-common/3.2.0/hadoop-yarn-common-3.2.0.jar:/home/dblab/.m2/repository/org/eclipse/jetty/jetty-util/9.3.24.v20180605/jetty-util-9.3.24.v20180605.jar:/home/dblab/.m2/repository/com/fasterxml/jackson/module/jackson-module-jaxb-annotations/2.9.5/jackson-module-jaxb-annotations-2.9.5.jar:/home/dblab/.m2/repository/com/fasterxml/jackson/jaxrs/jackson-jaxrs-json-provider/2.9.5/jackson-jaxrs-json-provider-2.9.5.jar:/home/dblab/.m2/repository/com/fasterxml/jackson/jaxrs/jackson-jaxrs-base/2.9.5/jackson-jaxrs-base-2.9.5.jar:/home/dblab/.m2/repository/org/apache/hadoop/hadoop-mapreduce-client-jobclient/3.2.0/hadoop-mapreduce-client-jobclient-3.2.0.jar:/home/dblab/.m2/repository/org/apache/hadoop/hadoop-mapreduce-client-common/3.2.0/hadoop-mapreduce-client-common-3.2.0.jar:/home/dblab/.m2/repository/org/apache/hadoop/hadoop-annotations/3.2.0/hadoop-annotations-3.2.0.jar:/home/dblab/.m2/repository/org/apache/spark/spark-launcher_2.12/3.1.1/spark-launcher_2.12-3.1.1.jar:/home/dblab/.m2/repository/org/apache/spark/spark-kvstore_2.12/3.1.1/spark-kvstore_2.12-3.1.1.jar:/home/dblab/.m2/repository/org/fusesource/leveldbjni/leveldbjni-all/1.8/leveldbjni-all-1.8.jar:/home/dblab/.m2/repository/com/fasterxml/jackson/core/jackson-core/2.10.0/jackson-core-2.10.0.jar:/home/dblab/.m2/repository/com/fasterxml/jackson/core/jackson-annotations/2.10.0/jackson-annotations-2.10.0.jar:/home/dblab/.m2/repository/org/apache/spark/spark-network-common_2.12/3.1.1/spark-network-common_2.12-3.1.1.jar:/home/dblab/.m2/repository/org/apache/spark/spark-network-shuffle_2.12/3.1.1/spark-network-shuffle_2.12-3.1.1.jar:/home/dblab/.m2/repository/org/apache/spark/spark-unsafe_2.12/3.1.1/spark-unsafe_2.12-3.1.1.jar:/home/dblab/.m2/repository/javax/activation/activation/1.1.1/activation-1.1.1.jar:/home/dblab/.m2/repository/org/apache/curator/curator-recipes/2.13.0/curator-recipes-2.13.0.jar:/home/dblab/.m2/repository/org/apache/curator/curator-framework/2.13.0/curator-framework-2.13.0.jar:/home/dblab/.m2/repository/org/apache/zookeeper/zookeeper/3.4.14/zookeeper-3.4.14.jar:/home/dblab/.m2/repository/org/apache/yetus/audience-annotations/0.5.0/audience-annotations-0.5.0.jar:/home/dblab/.m2/repository/jakarta/servlet/jakarta.servlet-api/4.0.3/jakarta.servlet-api-4.0.3.jar:/home/dblab/.m2/repository/org/apache/commons/commons-lang3/3.10/commons-lang3-3.10.jar:/home/dblab/.m2/repository/org/apache/commons/commons-text/1.6/commons-text-1.6.jar:/home/dblab/.m2/repository/com/google/code/findbugs/jsr305/3.0.0/jsr305-3.0.0.jar:/home/dblab/.m2/repository/org/slf4j/slf4j-api/1.7.30/slf4j-api-1.7.30.jar:/home/dblab/.m2/repository/org/slf4j/jul-to-slf4j/1.7.30/jul-to-slf4j-1.7.30.jar:/home/dblab/.m2/repository/org/slf4j/jcl-over-slf4j/1.7.30/jcl-over-slf4j-1.7.30.jar:/home/dblab/.m2/repository/log4j/log4j/1.2.17/log4j-1.2.17.jar:/home/dblab/.m2/repository/org/slf4j/slf4j-log4j12/1.7.30/slf4j-log4j12-1.7.30.jar:/home/dblab/.m2/repository/com/ning/compress-lzf/1.0.3/compress-lzf-1.0.3.jar:/home/dblab/.m2/repository/org/xerial/snappy/snappy-java/1.1.8.2/snappy-java-1.1.8.2.jar:/home/dblab/.m2/repository/org/lz4/lz4-java/1.7.1/lz4-java-1.7.1.jar:/home/dblab/.m2/repository/com/github/luben/zstd-jni/1.4.8-1/zstd-jni-1.4.8-1.jar:/home/dblab/.m2/repository/org/roaringbitmap/RoaringBitmap/0.9.0/RoaringBitmap-0.9.0.jar:/home/dblab/.m2/repository/org/roaringbitmap/shims/0.9.0/shims-0.9.0.jar:/home/dblab/.m2/repository/commons-net/commons-net/3.1/commons-net-3.1.jar:/home/dblab/.m2/repository/org/scala-lang/modules/scala-xml_2.12/1.2.0/scala-xml_2.12-1.2.0.jar:/home/dblab/.m2/repository/org/scala-lang/scala-reflect/2.12.10/scala-reflect-2.12.10.jar:/home/dblab/.m2/repository/org/json4s/json4s-jackson_2.12/3.7.0-M5/json4s-jackson_2.12-3.7.0-M5.jar:/home/dblab/.m2/repository/org/json4s/json4s-core_2.12/3.7.0-M5/json4s-core_2.12-3.7.0-M5.jar:/home/dblab/.m2/repository/org/json4s/json4s-ast_2.12/3.7.0-M5/json4s-ast_2.12-3.7.0-M5.jar:/home/dblab/.m2/repository/org/json4s/json4s-scalap_2.12/3.7.0-M5/json4s-scalap_2.12-3.7.0-M5.jar:/home/dblab/.m2/repository/org/glassfish/jersey/core/jersey-client/2.30/jersey-client-2.30.jar:/home/dblab/.m2/repository/jakarta/ws/rs/jakarta.ws.rs-api/2.1.6/jakarta.ws.rs-api-2.1.6.jar:/home/dblab/.m2/repository/org/glassfish/hk2/external/jakarta.inject/2.6.1/jakarta.inject-2.6.1.jar:/home/dblab/.m2/repository/org/glassfish/jersey/core/jersey-common/2.30/jersey-common-2.30.jar:/home/dblab/.m2/repository/jakarta/annotation/jakarta.annotation-api/1.3.5/jakarta.annotation-api-1.3.5.jar:/home/dblab/.m2/repository/org/glassfish/hk2/osgi-resource-locator/1.0.3/osgi-resource-locator-1.0.3.jar:/home/dblab/.m2/repository/org/glassfish/jersey/core/jersey-server/2.30/jersey-server-2.30.jar:/home/dblab/.m2/repository/org/glassfish/jersey/media/jersey-media-jaxb/2.30/jersey-media-jaxb-2.30.jar:/home/dblab/.m2/repository/jakarta/validation/jakarta.validation-api/2.0.2/jakarta.validation-api-2.0.2.jar:/home/dblab/.m2/repository/org/glassfish/jersey/containers/jersey-container-servlet/2.30/jersey-container-servlet-2.30.jar:/home/dblab/.m2/repository/org/glassfish/jersey/containers/jersey-container-servlet-core/2.30/jersey-container-servlet-core-2.30.jar:/home/dblab/.m2/repository/org/glassfish/jersey/inject/jersey-hk2/2.30/jersey-hk2-2.30.jar:/home/dblab/.m2/repository/org/glassfish/hk2/hk2-locator/2.6.1/hk2-locator-2.6.1.jar:/home/dblab/.m2/repository/org/glassfish/hk2/external/aopalliance-repackaged/2.6.1/aopalliance-repackaged-2.6.1.jar:/home/dblab/.m2/repository/org/glassfish/hk2/hk2-api/2.6.1/hk2-api-2.6.1.jar:/home/dblab/.m2/repository/org/glassfish/hk2/hk2-utils/2.6.1/hk2-utils-2.6.1.jar:/home/dblab/.m2/repository/org/javassist/javassist/3.25.0-GA/javassist-3.25.0-GA.jar:/home/dblab/.m2/repository/io/netty/netty-all/4.1.51.Final/netty-all-4.1.51.Final.jar:/home/dblab/.m2/repository/com/clearspring/analytics/stream/2.9.6/stream-2.9.6.jar:/home/dblab/.m2/repository/io/dropwizard/metrics/metrics-core/4.1.1/metrics-core-4.1.1.jar:/home/dblab/.m2/repository/io/dropwizard/metrics/metrics-jvm/4.1.1/metrics-jvm-4.1.1.jar:/home/dblab/.m2/repository/io/dropwizard/metrics/metrics-json/4.1.1/metrics-json-4.1.1.jar:/home/dblab/.m2/repository/io/dropwizard/metrics/metrics-graphite/4.1.1/metrics-graphite-4.1.1.jar:/home/dblab/.m2/repository/io/dropwizard/metrics/metrics-jmx/4.1.1/metrics-jmx-4.1.1.jar:/home/dblab/.m2/repository/com/fasterxml/jackson/core/jackson-databind/2.10.0/jackson-databind-2.10.0.jar:/home/dblab/.m2/repository/com/fasterxml/jackson/module/jackson-module-scala_2.12/2.10.0/jackson-module-scala_2.12-2.10.0.jar:/home/dblab/.m2/repository/com/fasterxml/jackson/module/jackson-module-paranamer/2.10.0/jackson-module-paranamer-2.10.0.jar:/home/dblab/.m2/repository/org/apache/ivy/ivy/2.4.0/ivy-2.4.0.jar:/home/dblab/.m2/repository/oro/oro/2.0.8/oro-2.0.8.jar:/home/dblab/.m2/repository/net/razorvine/pyrolite/4.30/pyrolite-4.30.jar:/home/dblab/.m2/repository/net/sf/py4j/py4j/0.10.9/py4j-0.10.9.jar:/home/dblab/.m2/repository/org/apache/spark/spark-tags_2.12/3.1.1/spark-tags_2.12-3.1.1.jar:/home/dblab/.m2/repository/org/apache/commons/commons-crypto/1.1.0/commons-crypto-1.1.0.jar:/home/dblab/.m2/repository/org/spark-project/spark/unused/1.0.0/unused-1.0.0.jar:/home/dblab/.m2/repository/org/json/json/20210307/json-20210307.jar:/home/dblab/.m2/repository/org/apache/spark/spark-sql_2.12/3.1.2/spark-sql_2.12-3.1.2.jar:/home/dblab/.m2/repository/com/univocity/univocity-parsers/2.9.1/univocity-parsers-2.9.1.jar:/home/dblab/.m2/repository/org/apache/spark/spark-sketch_2.12/3.1.2/spark-sketch_2.12-3.1.2.jar:/home/dblab/.m2/repository/org/apache/spark/spark-catalyst_2.12/3.1.2/spark-catalyst_2.12-3.1.2.jar:/home/dblab/.m2/repository/org/codehaus/janino/janino/3.0.16/janino-3.0.16.jar:/home/dblab/.m2/repository/org/codehaus/janino/commons-compiler/3.0.16/commons-compiler-3.0.16.jar:/home/dblab/.m2/repository/org/antlr/antlr4-runtime/4.8-1/antlr4-runtime-4.8-1.jar:/home/dblab/.m2/repository/org/apache/arrow/arrow-vector/2.0.0/arrow-vector-2.0.0.jar:/home/dblab/.m2/repository/org/apache/arrow/arrow-format/2.0.0/arrow-format-2.0.0.jar:/home/dblab/.m2/repository/org/apache/arrow/arrow-memory-core/2.0.0/arrow-memory-core-2.0.0.jar:/home/dblab/.m2/repository/com/google/flatbuffers/flatbuffers-java/1.9.0/flatbuffers-java-1.9.0.jar:/home/dblab/.m2/repository/org/apache/arrow/arrow-memory-netty/2.0.0/arrow-memory-netty-2.0.0.jar:/home/dblab/.m2/repository/org/apache/orc/orc-core/1.5.12/orc-core-1.5.12.jar:/home/dblab/.m2/repository/org/apache/orc/orc-shims/1.5.12/orc-shims-1.5.12.jar:/home/dblab/.m2/repository/com/google/protobuf/protobuf-java/2.5.0/protobuf-java-2.5.0.jar:/home/dblab/.m2/repository/commons-lang/commons-lang/2.6/commons-lang-2.6.jar:/home/dblab/.m2/repository/io/airlift/aircompressor/0.10/aircompressor-0.10.jar:/home/dblab/.m2/repository/org/threeten/threeten-extra/1.5.0/threeten-extra-1.5.0.jar:/home/dblab/.m2/repository/org/apache/orc/orc-mapreduce/1.5.12/orc-mapreduce-1.5.12.jar:/home/dblab/.m2/repository/org/apache/hive/hive-storage-api/2.7.2/hive-storage-api-2.7.2.jar:/home/dblab/.m2/repository/org/apache/parquet/parquet-column/1.10.1/parquet-column-1.10.1.jar:/home/dblab/.m2/repository/org/apache/parquet/parquet-common/1.10.1/parquet-common-1.10.1.jar:/home/dblab/.m2/repository/org/apache/parquet/parquet-encoding/1.10.1/parquet-encoding-1.10.1.jar:/home/dblab/.m2/repository/org/apache/parquet/parquet-hadoop/1.10.1/parquet-hadoop-1.10.1.jar:/home/dblab/.m2/repository/org/apache/parquet/parquet-format/2.4.0/parquet-format-2.4.0.jar:/home/dblab/.m2/repository/org/apache/parquet/parquet-jackson/1.10.1/parquet-jackson-1.10.1.jar:/home/dblab/.m2/repository/org/apache/spark/spark-mllib_2.12/3.1.2/spark-mllib_2.12-3.1.2.jar:/home/dblab/.m2/repository/org/scala-lang/modules/scala-parser-combinators_2.12/1.1.2/scala-parser-combinators_2.12-1.1.2.jar:/home/dblab/.m2/repository/org/apache/spark/spark-streaming_2.12/3.1.2/spark-streaming_2.12-3.1.2.jar:/home/dblab/.m2/repository/org/apache/spark/spark-graphx_2.12/3.1.2/spark-graphx_2.12-3.1.2.jar:/home/dblab/.m2/repository/com/github/fommil/netlib/core/1.1.2/core-1.1.2.jar:/home/dblab/.m2/repository/net/sourceforge/f2j/arpack_combined_all/0.1/arpack_combined_all-0.1.jar:/home/dblab/.m2/repository/org/apache/spark/spark-mllib-local_2.12/3.1.2/spark-mllib-local_2.12-3.1.2.jar:/home/dblab/.m2/repository/org/scalanlp/breeze_2.12/1.0/breeze_2.12-1.0.jar:/home/dblab/.m2/repository/org/scalanlp/breeze-macros_2.12/1.0/breeze-macros_2.12-1.0.jar:/home/dblab/.m2/repository/net/sf/opencsv/opencsv/2.3/opencsv-2.3.jar:/home/dblab/.m2/repository/com/github/wendykierp/JTransforms/3.1/JTransforms-3.1.jar:/home/dblab/.m2/repository/pl/edu/icm/JLargeArrays/1.5/JLargeArrays-1.5.jar:/home/dblab/.m2/repository/com/chuusai/shapeless_2.12/2.3.3/shapeless_2.12-2.3.3.jar:/home/dblab/.m2/repository/org/typelevel/macro-compat_2.12/1.1.1/macro-compat_2.12-1.1.1.jar:/home/dblab/.m2/repository/org/typelevel/spire_2.12/0.17.0-M1/spire_2.12-0.17.0-M1.jar:/home/dblab/.m2/repository/org/typelevel/spire-macros_2.12/0.17.0-M1/spire-macros_2.12-0.17.0-M1.jar:/home/dblab/.m2/repository/org/typelevel/spire-platform_2.12/0.17.0-M1/spire-platform_2.12-0.17.0-M1.jar:/home/dblab/.m2/repository/org/typelevel/spire-util_2.12/0.17.0-M1/spire-util_2.12-0.17.0-M1.jar:/home/dblab/.m2/repository/org/typelevel/machinist_2.12/0.6.8/machinist_2.12-0.6.8.jar:/home/dblab/.m2/repository/org/typelevel/algebra_2.12/2.0.0-M2/algebra_2.12-2.0.0-M2.jar:/home/dblab/.m2/repository/org/typelevel/cats-kernel_2.12/2.0.0-M4/cats-kernel_2.12-2.0.0-M4.jar:/home/dblab/.m2/repository/org/scala-lang/modules/scala-collection-compat_2.12/2.1.1/scala-collection-compat_2.12-2.1.1.jar:/home/dblab/.m2/repository/org/glassfish/jaxb/jaxb-runtime/2.3.2/jaxb-runtime-2.3.2.jar:/home/dblab/.m2/repository/jakarta/xml/bind/jakarta.xml.bind-api/2.3.2/jakarta.xml.bind-api-2.3.2.jar:/home/dblab/.m2/repository/com/sun/istack/istack-commons-runtime/3.0.8/istack-commons-runtime-3.0.8.jar:/home/dblab/.m2/repository/org/apache/commons/commons-math3/3.6.1/commons-math3-3.6.1.jar:/home/dblab/.m2/repository/org/apache/ignite/ignite-core/2.8.1/ignite-core-2.8.1.jar:/home/dblab/.m2/repository/javax/cache/cache-api/1.0.0/cache-api-1.0.0.jar:/home/dblab/.m2/repository/org/jetbrains/annotations/16.0.3/annotations-16.0.3.jar:/home/dblab/.m2/repository/org/gridgain/ignite-shmem/1.0.0/ignite-shmem-1.0.0.jar:/home/dblab/.m2/repository/org/apache/ignite/ignite-spark/2.9.1/ignite-spark-2.9.1.jar:/home/dblab/.m2/repository/org/apache/spark/spark-core_2.11/2.3.0/spark-core_2.11-2.3.0.jar:/home/dblab/.m2/repository/com/twitter/chill_2.11/0.8.4/chill_2.11-0.8.4.jar:/home/dblab/.m2/repository/org/apache/xbean/xbean-asm5-shaded/4.4/xbean-asm5-shaded-4.4.jar:/home/dblab/.m2/repository/org/apache/spark/spark-launcher_2.11/2.3.0/spark-launcher_2.11-2.3.0.jar:/home/dblab/.m2/repository/org/apache/spark/spark-kvstore_2.11/2.3.0/spark-kvstore_2.11-2.3.0.jar:/home/dblab/.m2/repository/org/apache/spark/spark-unsafe_2.11/2.3.0/spark-unsafe_2.11-2.3.0.jar:/home/dblab/.m2/repository/net/java/dev/jets3t/jets3t/0.9.4/jets3t-0.9.4.jar:/home/dblab/.m2/repository/org/apache/httpcomponents/httpcore/4.4.1/httpcore-4.4.1.jar:/home/dblab/.m2/repository/org/apache/httpcomponents/httpclient/4.5/httpclient-4.5.jar:/home/dblab/.m2/repository/org/bouncycastle/bcprov-jdk15on/1.52/bcprov-jdk15on-1.52.jar:/home/dblab/.m2/repository/com/jamesmurty/utils/java-xmlbuilder/1.1/java-xmlbuilder-1.1.jar:/home/dblab/.m2/repository/net/iharder/base64/2.3.8/base64-2.3.8.jar:/home/dblab/.m2/repository/javax/servlet/javax.servlet-api/3.1.0/javax.servlet-api-3.1.0.jar:/home/dblab/.m2/repository/org/json4s/json4s-jackson_2.11/3.2.11/json4s-jackson_2.11-3.2.11.jar:/home/dblab/.m2/repository/io/netty/netty/3.9.9.Final/netty-3.9.9.Final.jar:/home/dblab/.m2/repository/com/fasterxml/jackson/module/jackson-module-scala_2.11/2.6.7.1/jackson-module-scala_2.11-2.6.7.1.jar:/home/dblab/.m2/repository/org/apache/spark/spark-catalyst_2.11/2.3.0/spark-catalyst_2.11-2.3.0.jar:/home/dblab/.m2/repository/org/scala-lang/modules/scala-parser-combinators_2.11/1.0.4/scala-parser-combinators_2.11-1.0.4.jar:/home/dblab/.m2/repository/org/apache/spark/spark-sketch_2.11/2.3.0/spark-sketch_2.11-2.3.0.jar:/home/dblab/.m2/repository/org/apache/spark/spark-sql_2.11/2.3.0/spark-sql_2.11-2.3.0.jar:/home/dblab/.m2/repository/org/apache/orc/orc-core/1.4.1/orc-core-1.4.1-nohive.jar:/home/dblab/.m2/repository/org/apache/orc/orc-mapreduce/1.4.1/orc-mapreduce-1.4.1-nohive.jar:/home/dblab/.m2/repository/org/apache/spark/spark-network-common_2.11/2.3.0/spark-network-common_2.11-2.3.0.jar:/home/dblab/.m2/repository/org/apache/spark/spark-network-shuffle_2.11/2.3.0/spark-network-shuffle_2.11-2.3.0.jar:/home/dblab/.m2/repository/org/apache/spark/spark-tags_2.11/2.3.0/spark-tags_2.11-2.3.0.jar:/home/dblab/.m2/repository/org/apache/hadoop/hadoop-common/2.6.5/hadoop-common-2.6.5.jar:/home/dblab/.m2/repository/com/google/guava/guava/11.0.2/guava-11.0.2.jar:/home/dblab/.m2/repository/commons-cli/commons-cli/1.2/commons-cli-1.2.jar:/home/dblab/.m2/repository/xmlenc/xmlenc/0.52/xmlenc-0.52.jar:/home/dblab/.m2/repository/commons-httpclient/commons-httpclient/3.1/commons-httpclient-3.1.jar:/home/dblab/.m2/repository/commons-io/commons-io/2.4/commons-io-2.4.jar:/home/dblab/.m2/repository/commons-collections/commons-collections/3.2.2/commons-collections-3.2.2.jar:/home/dblab/.m2/repository/javax/servlet/servlet-api/2.5/servlet-api-2.5.jar:/home/dblab/.m2/repository/org/mortbay/jetty/jetty/6.1.26/jetty-6.1.26.jar:/home/dblab/.m2/repository/org/mortbay/jetty/jetty-util/6.1.26/jetty-util-6.1.26.jar:/home/dblab/.m2/repository/com/sun/jersey/jersey-core/1.9/jersey-core-1.9.jar:/home/dblab/.m2/repository/com/sun/jersey/jersey-json/1.9/jersey-json-1.9.jar:/home/dblab/.m2/repository/org/codehaus/jettison/jettison/1.1/jettison-1.1.jar:/home/dblab/.m2/repository/com/sun/xml/bind/jaxb-impl/2.2.3-1/jaxb-impl-2.2.3-1.jar:/home/dblab/.m2/repository/org/codehaus/jackson/jackson-jaxrs/1.8.3/jackson-jaxrs-1.8.3.jar:/home/dblab/.m2/repository/org/codehaus/jackson/jackson-xc/1.8.3/jackson-xc-1.8.3.jar:/home/dblab/.m2/repository/com/sun/jersey/jersey-server/1.9/jersey-server-1.9.jar:/home/dblab/.m2/repository/asm/asm/3.1/asm-3.1.jar:/home/dblab/.m2/repository/tomcat/jasper-compiler/5.5.23/jasper-compiler-5.5.23.jar:/home/dblab/.m2/repository/tomcat/jasper-runtime/5.5.23/jasper-runtime-5.5.23.jar:/home/dblab/.m2/repository/javax/servlet/jsp/jsp-api/2.1/jsp-api-2.1.jar:/home/dblab/.m2/repository/commons-el/commons-el/1.0/commons-el-1.0.jar:/home/dblab/.m2/repository/commons-logging/commons-logging/1.1.3/commons-logging-1.1.3.jar:/home/dblab/.m2/repository/commons-configuration/commons-configuration/1.6/commons-configuration-1.6.jar:/home/dblab/.m2/repository/commons-digester/commons-digester/1.8/commons-digester-1.8.jar:/home/dblab/.m2/repository/com/google/code/gson/gson/2.2.4/gson-2.2.4.jar:/home/dblab/.m2/repository/org/apache/hadoop/hadoop-auth/2.6.5/hadoop-auth-2.6.5.jar:/home/dblab/.m2/repository/org/apache/directory/server/apacheds-kerberos-codec/2.0.0-M15/apacheds-kerberos-codec-2.0.0-M15.jar:/home/dblab/.m2/repository/org/apache/directory/server/apacheds-i18n/2.0.0-M15/apacheds-i18n-2.0.0-M15.jar:/home/dblab/.m2/repository/org/apache/directory/api/api-asn1-api/1.0.0-M20/api-asn1-api-1.0.0-M20.jar:/home/dblab/.m2/repository/org/apache/directory/api/api-util/1.0.0-M20/api-util-1.0.0-M20.jar:/home/dblab/.m2/repository/com/jcraft/jsch/0.1.42/jsch-0.1.42.jar:/home/dblab/.m2/repository/org/apache/curator/curator-client/2.6.0/curator-client-2.6.0.jar:/home/dblab/.m2/repository/org/htrace/htrace-core/3.0.4/htrace-core-3.0.4.jar:/home/dblab/.m2/repository/org/json4s/json4s-core_2.11/3.5.0/json4s-core_2.11-3.5.0.jar:/home/dblab/.m2/repository/org/json4s/json4s-ast_2.11/3.5.0/json4s-ast_2.11-3.5.0.jar:/home/dblab/.m2/repository/org/json4s/json4s-scalap_2.11/3.5.0/json4s-scalap_2.11-3.5.0.jar:/home/dblab/.m2/repository/org/scala-lang/modules/scala-xml_2.11/1.0.6/scala-xml_2.11-1.0.6.jar:/home/dblab/.m2/repository/org/apache/ignite/ignite-indexing/2.9.1/ignite-indexing-2.9.1.jar:/home/dblab/.m2/repository/org/apache/lucene/lucene-core/7.4.0/lucene-core-7.4.0.jar:/home/dblab/.m2/repository/org/apache/lucene/lucene-analyzers-common/7.4.0/lucene-analyzers-common-7.4.0.jar:/home/dblab/.m2/repository/org/apache/lucene/lucene-queryparser/7.4.0/lucene-queryparser-7.4.0.jar:/home/dblab/.m2/repository/org/apache/lucene/lucene-queries/7.4.0/lucene-queries-7.4.0.jar:/home/dblab/.m2/repository/org/apache/lucene/lucene-sandbox/7.4.0/lucene-sandbox-7.4.0.jar:/home/dblab/.m2/repository/com/h2database/h2/1.4.197/h2-1.4.197.jar:/home/dblab/.m2/repository/org/apache/ignite/ignite-spring/2.9.1/ignite-spring-2.9.1.jar:/home/dblab/.m2/repository/org/springframework/spring-core/4.3.26.RELEASE/spring-core-4.3.26.RELEASE.jar:/home/dblab/.m2/repository/org/springframework/spring-aop/4.3.26.RELEASE/spring-aop-4.3.26.RELEASE.jar:/home/dblab/.m2/repository/org/springframework/spring-beans/4.3.26.RELEASE/spring-beans-4.3.26.RELEASE.jar:/home/dblab/.m2/repository/org/springframework/spring-context/4.3.26.RELEASE/spring-context-4.3.26.RELEASE.jar:/home/dblab/.m2/repository/org/springframework/spring-expression/4.3.26.RELEASE/spring-expression-4.3.26.RELEASE.jar:/home/dblab/.m2/repository/org/springframework/spring-tx/4.3.26.RELEASE/spring-tx-4.3.26.RELEASE.jar:/home/dblab/.m2/repository/org/springframework/spring-jdbc/4.3.26.RELEASE/spring-jdbc-4.3.26.RELEASE.jar:/home/dblab/.m2/repository/org/apache/ignite/ignite-log4j/2.9.1/ignite-log4j-2.9.1.jar:/home/dblab/.m2/repository/junit/junit/4.12/junit-4.12.jar:/home/dblab/.m2/repository/org/hamcrest/hamcrest-core/1.3/hamcrest-core-1.3.jar:/home/dblab/.m2/repository/org/scalatest/scalatest_2.12/3.0.5/scalatest_2.12-3.0.5.jar:/home/dblab/.m2/repository/org/scalactic/scalactic_2.12/3.0.5/scalactic_2.12-3.0.5.jar:/home/dblab/.m2/repository/org/specs2/specs2-core_2.12/4.2.0/specs2-core_2.12-4.2.0.jar:/home/dblab/.m2/repository/org/specs2/specs2-matcher_2.12/4.2.0/specs2-matcher_2.12-4.2.0.jar:/home/dblab/.m2/repository/org/specs2/specs2-common_2.12/4.2.0/specs2-common_2.12-4.2.0.jar:/home/dblab/.m2/repository/org/specs2/specs2-fp_2.12/4.2.0/specs2-fp_2.12-4.2.0.jar:/home/dblab/.m2/repository/org/scala-sbt/test-interface/1.0/test-interface-1.0.jar:/home/dblab/.m2/repository/org/specs2/specs2-junit_2.12/4.2.0/specs2-junit_2.12-4.2.0.jar">
</property>
    <property name="java.vm.specification.version" value="1.8"/>
    <property name="sun.arch.data.model" value="64"/>
    <property name="java.home" value="/usr/lib/jvm/java-8-openjdk-amd64/jre"/>
    <property 
    name="sun.java.command" value="org.scalatest.tools.Runner -R /home/dblab/ysh/clustering/target/classes /home/dblab/ysh/clustering/target/test-classes -o -f /home/dblab/ysh/clustering/target/surefire-reports/TestSuiteReport.txt -u /home/dblab/ysh/clustering/target/surefire-reports/.">
</property>
    <property name="java.specification.vendor" value="Oracle Corporation"/>
    <property name="user.language" value="en"/>
    <property name="awt.toolkit" value="sun.awt.X11.XToolkit"/>
    <property name="java.vm.info" value="mixed mode"/>
    <property name="java.version" value="1.8.0_362"/>
    <property 
    name="java.ext.dirs" value="/usr/lib/jvm/java-8-openjdk-amd64/jre/lib/ext:/usr/java/packages/lib/ext">
</property>
    <property 
    name="sun.boot.class.path" value="/usr/lib/jvm/java-8-openjdk-amd64/jre/lib/resources.jar:/usr/lib/jvm/java-8-openjdk-amd64/jre/lib/rt.jar:/usr/lib/jvm/java-8-openjdk-amd64/jre/lib/sunrsasign.jar:/usr/lib/jvm/java-8-openjdk-amd64/jre/lib/jsse.jar:/usr/lib/jvm/java-8-openjdk-amd64/jre/lib/jce.jar:/usr/lib/jvm/java-8-openjdk-amd64/jre/lib/charsets.jar:/usr/lib/jvm/java-8-openjdk-amd64/jre/lib/jfr.jar:/usr/lib/jvm/java-8-openjdk-amd64/jre/classes">
</property>
    <property name="java.vendor" value="Private Build"/>
    <property name="java.specification.maintenance.version" value="4"/>
    <property name="file.separator" value="/"/>
    <property 
    name="java.vendor.url.bug" value="http://bugreport.sun.com/bugreport/">
</property>
    <property name="sun.cpu.endian" value="little"/>
    <property name="sun.io.unicode.encoding" value="UnicodeLittle"/>
    <property name="sun.cpu.isalist" value=""/>
  </properties>
  <system-out><![CDATA[]]></system-out>
  <system-err><![CDATA[]]></system-err>
</testsuite>
